<?xml version="1.0" encoding="UTF-8"?>
<testng-results skipped="0" failed="0" ignored="0" total="1" passed="1">
  <reporter-output>
  </reporter-output>
  <suite name="Default suite" duration-ms="132" started-at="2020-12-25T17:07:16 IST" finished-at="2020-12-25T17:07:16 IST">
    <groups>
    </groups>
    <test name="Default test" duration-ms="132" started-at="2020-12-25T17:07:16 IST" finished-at="2020-12-25T17:07:16 IST">
      <class name="com.test.project.ClassA">
        <test-method status="PASS" signature="method()[pri:0, instance:com.test.project.ClassA@1d16f93d]" name="method" duration-ms="45" started-at="2020-12-25T17:07:16 IST" finished-at="2020-12-25T17:07:16 IST">
          <reporter-output>
          </reporter-output>
        </test-method> <!-- method -->
      </class> <!-- com.test.project.ClassA -->
    </test> <!-- Default test -->
  </suite> <!-- Default suite -->
</testng-results>
